<?xml version="1.0" encoding="UTF-8"?>
<testng-results ignored="0" total="1" passed="1" failed="0" skipped="0">
  <reporter-output>
  </reporter-output>
  <suite started-at="2023-02-25T21:15:38 IST" name="All Test Suite" finished-at="2023-02-25T21:16:26 IST" duration-ms="48322">
    <groups>
      <group name="cucumber">
        <method signature="AbstractTestNGCucumberTests.runScenario(io.cucumber.testng.PickleWrapper,io.cucumber.testng.FeatureWrapper)[pri:0, instance:runners.TestRunner@53fe15ff]" name="runScenario" class="io.cucumber.testng.AbstractTestNGCucumberTests"/>
      </group> <!-- cucumber -->
    </groups>
    <test started-at="2023-02-25T21:15:38 IST" name="C:\Users\ROSHJOSE\IdeaProjects\Amazon_addToCart" finished-at="2023-02-25T21:16:26 IST" duration-ms="48322">
      <class name="runners.TestRunner">
        <test-method is-config="true" signature="setUpClass(org.testng.ITestContext)[pri:0, instance:runners.TestRunner@53fe15ff]" started-at="2023-02-25T21:15:38 IST" name="setUpClass" finished-at="2023-02-25T21:15:39 IST" duration-ms="617" status="PASS">
          <params>
            <param index="0">
              <value>
                <![CDATA[org.testng.TestRunner@40bd0f8]]>
              </value>
            </param>
          </params>
          <reporter-output>
          </reporter-output>
        </test-method> <!-- setUpClass -->
        <test-method signature="runScenario(io.cucumber.testng.PickleWrapper,io.cucumber.testng.FeatureWrapper)[pri:0, instance:runners.TestRunner@53fe15ff]" started-at="2023-02-25T21:15:39 IST" name="runScenario" description="Runs Cucumber Scenarios" data-provider="scenarios" finished-at="2023-02-25T21:16:24 IST" duration-ms="45152" status="PASS">
          <params>
            <param index="0">
              <value>
                <![CDATA["Verify item is added to cart when add to cart button is clicked"]]>
              </value>
            </param>
            <param index="1">
              <value>
                <![CDATA["Add to cart feature in Amazon"]]>
              </value>
            </param>
          </params>
          <reporter-output>
          </reporter-output>
        </test-method> <!-- runScenario -->
        <test-method is-config="true" signature="tearDownClass()[pri:0, instance:runners.TestRunner@53fe15ff]" started-at="2023-02-25T21:16:24 IST" name="tearDownClass" finished-at="2023-02-25T21:16:26 IST" duration-ms="2499" status="PASS">
          <reporter-output>
          </reporter-output>
        </test-method> <!-- tearDownClass -->
      </class> <!-- runners.TestRunner -->
    </test> <!-- C:\Users\ROSHJOSE\IdeaProjects\Amazon_addToCart -->
  </suite> <!-- All Test Suite -->
</testng-results>
