<?xml version="1.0" encoding="UTF-8"?>
<testsuite xmlns:xsi="http://www.w3.org/2001/XMLSchema-instance" xsi:noNamespaceSchemaLocation="https://maven.apache.org/surefire/maven-surefire-plugin/xsd/surefire-test-report-3.0.xsd" version="3.0" name="TestSuite" time="173.539" tests="9" errors="0" skipped="0" failures="3">
  <properties>
[...]
</properties>
  <testcase name="runScenario[&quot;Verify items &quot;No Results&quot; is displayed for invalid product name&quot;, &quot;Add to cart feature in Amazon&quot;](1)" classname="runners.TestRunner" time="108.574">
    <system-out><![CDATA[
Scenario: Verify add to cart button  # src/test/resources/features/addToCart.feature:33

Scenario: Verify the subtotal is shown when new item is added to cart # src/test/resources/features/addToCart.feature:8

Scenario: Verify item is added to cart when add to cart button is clicked # src/test/resources/features/addToCart.feature:3

Scenario: Verify item can be deleted from cart         # src/test/resources/features/addToCart.feature:13

Scenario: Verify items "No Results" is displayed for invalid product name # src/test/resources/features/addToCart.feature:18

Scenario Outline: Verify the products are displayed when user search for different products # src/test/resources/features/addToCart.feature:45

Scenario Outline: Verify the products are displayed when user search for different products # src/test/resources/features/addToCart.feature:44

Scenario: Verify the cart icon number is increased when item is added # src/test/resources/features/addToCart.feature:28

Scenario: Verify the cart is empty and cart icon is zero when no items are added # src/test/resources/features/addToCart.feature:23
  Given the user navigates to amazon website                                                # steps.StepDefinitions.the_user_navigates_to_amazon_website()
  Given user navigate to amazon website                                   # steps.StepDefinitions.user_navigate_to_amazon_website()
  Given user navigate to amazon website                                          # steps.StepDefinitions.user_navigate_to_amazon_website()
  Given the user navigate to amazon website                           # steps.StepDefinitions.the_user_navigate_to_amazon_website()
1
1
Verify item is added to cart when add to cart button is clicked
2
Verify the subtotal is shown when new item is added to cart
3
Verify item can be deleted from cart
4
Verify items "No Results" is displayed for invalid product name
5
Verify add to cart button
6
Verify the cart is empty and cart icon is zero when no items are added
7
Verify the cart icon number is increased when item is added
Verify item is added to cart when add to cart button is clicked
2
Verify the subtotal is shown when new item is added to cart
3
Verify item can be deleted from cart
4
Verify items "No Results" is displayed for invalid product name
5
Verify add to cart button
6
Verify the cart is empty and cart icon is zero when no items are added
7
Verify the cart icon number is increased when item is added
  When the user clicks on cart icon                                              # steps.StepDefinitions.the_user_clicks_on_cart_icon()
  Given the cart contain two items                     # steps.StepDefinitions.the_cart_contain_two_items()
  Then the cart is empty and icon is zero                                        # steps.StepDefinitions.the_cart_is_empty_and_icon_is_zero()
  Given the user selects the item                                         # steps.StepDefinitions.the_user_select_the_item()
  Given the user navigates to amazon website                                                # steps.StepDefinitions.the_user_navigates_to_amazon_website()
  When the user search for invalid item name                              # steps.StepDefinitions.the_user_search_for_invalid_item_name()
  When user search for product as "toys"                                                    # steps.StepDefinitions.user_search_for_products(java.lang.String)
  Given user open amazon website     # steps.StepDefinitions.user_open_amazon_website()
  Then the products are displayed as "\"toys\""                                             # steps.StepDefinitions.theProductsAreDisplayedAs(java.lang.String)
No results for
  Then "No Results" is displayed                                          # steps.StepDefinitions.is_displayed(java.lang.String)
  When user search for product as "mobiles"                                                 # steps.StepDefinitions.user_search_for_products(java.lang.String)
  Then the products are displayed as "\"mobiles\""                                          # steps.StepDefinitions.theProductsAreDisplayedAs(java.lang.String)
]]></system-out>
    <system-err><![CDATA[SLF4J: No SLF4J providers were found.
SLF4J: Defaulting to no-operation (NOP) logger implementation
SLF4J: See https://www.slf4j.org/codes.html#noProviders for further details.
Starting ChromeDriver 110.0.5481.77 (65ed616c6e8ee3fe0ad64fe83796c020644d42af-refs/branch-heads/5481@{#839}) on port 9823
Only local connections are allowed.
Please see https://chromedriver.chromium.org/security-considerations for suggestions on keeping ChromeDriver safe.
ChromeDriver was started successfully.
Starting ChromeDriver 110.0.5481.77 (65ed616c6e8ee3fe0ad64fe83796c020644d42af-refs/branch-heads/5481@{#839}) on port 8584
Only local connections are allowed.
Please see https://chromedriver.chromium.org/security-considerations for suggestions on keeping ChromeDriver safe.
ChromeDriver was started successfully.
Starting ChromeDriver 110.0.5481.77 (65ed616c6e8ee3fe0ad64fe83796c020644d42af-refs/branch-heads/5481@{#839}) on port 32637
Only local connections are allowed.
Please see https://chromedriver.chromium.org/security-considerations for suggestions on keeping ChromeDriver safe.
ChromeDriver was started successfully.
Starting ChromeDriver 110.0.5481.77 (65ed616c6e8ee3fe0ad64fe83796c020644d42af-refs/branch-heads/5481@{#839}) on port 13562
Only local connections are allowed.
Please see https://chromedriver.chromium.org/security-considerations for suggestions on keeping ChromeDriver safe.
ChromeDriver was started successfully.
Starting ChromeDriver 110.0.5481.77 (65ed616c6e8ee3fe0ad64fe83796c020644d42af-refs/branch-heads/5481@{#839}) on port 15476
Only local connections are allowed.
Please see https://chromedriver.chromium.org/security-considerations for suggestions on keeping ChromeDriver safe.
ChromeDriver was started successfully.
Starting ChromeDriver 110.0.5481.77 (65ed616c6e8ee3fe0ad64fe83796c020644d42af-refs/branch-heads/5481@{#839}) on port 36433
Only local connections are allowed.
Please see https://chromedriver.chromium.org/security-considerations for suggestions on keeping ChromeDriver safe.
ChromeDriver was started successfully.
[1677474762.059][WARNING]: virtual void DevToolsClientImpl::AddListener(DevToolsEventListener *) subscribing a listener to the already connected DevToolsClient. Connection notification will not arrive.
[1S6t7a7r4t7i4ng762.499][WARN ChromeDriver I1N10G].:0 .v5i4r8t1.u7a7l  (v6o5iedd 61De6cv6Teo8oeles3Clifee0natdI6m4pfel8:3:7A9d6dcL0i2s0t6e4n4edr(4D2eafv-Troeoflss/Ebrvaenncht-Lhiesatednse/5r4 8*1)@ {su#b83s9c}r)i obinn gpo rat  2l8is7te3n6
erO ntloy  tlhocea la lrceaodnynec tcioonnnecst aerde  aDlevTloowoedl.sCl
iPentle.a sCeo nnseecet hitotn pnso:t//cihfricoametdiriovn ewr.iclhl rnoto miaurmr.iorvge/securit.y-
considerations for suggestions on keeping ChromeDriver safe.
[1677474763.169][WARNING]: virtual void DevToolsClientImpl::AddListener(DevToolsEventListener *) subscribing a listener to the already connected DevToolsClient. Connection notification will not arrive.
[1677474C7h6r3o.3m8e9D]r[iWARvNeIrN G]w:a sv isrttauratle dv osiudc cDeesvsTfouolllsyC.li
entImpl::AddListener(DevToolsEventListener *) subscribing a listener to the already connected DevToolsClient. Connection notification will not arrive.
Starting ChromeDriver 110.0.5481.77 (65ed616c6e8ee3fe0ad64fe83796c020644d42af-refs/branch-heads/5481@{#839}) on port 36565
Only local connections are allowed.
Please see https://chromedriver.chromium.org/security-considerations for suggestions on keeping ChromeDriver safe.
ChromeDriver was started successfully.
Feb 27, 2023 10:42:44 AM org.openqa.selenium.remote.ProtocolHandshake createSession
INFO: Detected dialect: W3C
Feb 27, 2023 10:42:45 AM org.openqa.selenium.remote.ProtocolHandshake createSession
INFO: Detected dialect: W3C
Feb 27, 2023 10:42:45 AM org.openqa.selenium.remote.ProtocolHandshake createSession
INFO: Detected dialect: W3C
Feb 27, 2023 10:42:45 AM org.openqa.selenium.remote.ProtocolHandshake createSession
INFO: Detected dialect: W3C
Starting ChromeDriver 110.0.5481.77 (65ed616c6e8ee3fe0ad64fe83796c020644d42af-refs/branch-heads/5481@{#839}) on port 45757
Only local connections are allowed.
Please see https://chromedriver.chromium.org/security-considerations for suggestions on keeping ChromeDriver safe.
ChromeDriver was started successfully.
[1677474769.693][WARNING]: virtual void DevToolsClientImpl::AddListener(DevToolsEventListener *) subscribing a listener to the already connected DevToolsClient. Connection notification will not arrive.
[1677474771.925][WARNING]: virtual void DevToolsClientImpl::AddListener(DevToolsEventListener *) subscribing a listener to the already connected DevToolsClient. Connection notification will not arrive.
[1677474772.814][WARNING]: virtual void DevToolsClientImpl::AddListener(DevToolsEventListener *) subscribing a listener to the already connected DevToolsClient. Connection notification will not arrive.
[1677474776.381][WARNING]: virtual void DevToolsClientImpl::AddListener(DevToolsEventListener *) subscribing a listener to the already connected DevToolsClient. Connection notification will not arrive.
Feb 27, 2023 10:43:01 AM org.openqa.selenium.remote.ProtocolHandshake createSession
INFO: Detected dialect: W3C
Feb 27, 2023 10:43:06 AM org.openqa.selenium.remote.ProtocolHandshake createSession
INFO: Detected dialect: W3C
Feb 27, 2023 10:43:06 AM org.openqa.selenium.remote.ProtocolHandshake createSession
INFO: Detected dialect: W3C
Feb 27, 2023 10:43:07 AM org.openqa.selenium.remote.ProtocolHandshake createSession
INFO: Detected dialect: W3C
[1677474789.124][WARNING]: virtual void DevToolsClientImpl::AddListener(DevToolsEventListener *) subscribing a listener to the already connected DevToolsClient. Connection notification will not arrive.
ERROR StatusLogger Log4j2 could not find a logging implementation. Please add log4j-core to the classpath. Using SimpleLogger to log to the console...
Feb 27, 2023 10:43:38 AM org.openqa.selenium.remote.ProtocolHandshake createSession
INFO: Detected dialect: W3C
]]></system-err>
  </testcase>
  <testcase name="runScenario[&quot;Verify the cart is empty and cart icon is zero when no items are added&quot;, &quot;Add to cart feature in Amazon&quot;](2)" classname="runners.TestRunner" time="129.506">
    <system-out><![CDATA[  Given the user navigate to amazon website                           # steps.StepDefinitions.the_user_navigate_to_amazon_website()
  When the user add item to cart     # steps.StepDefinitions.the_user_add_item_to_cart()
      org.openqa.selenium.NoSuchElementException: no such element: Unable to locate element: {"method":"css selector","selector":"#add\-to\-cart\-button"}
  (Session info: chrome=110.0.5481.177)
For documentation on this error, please visit: https://www.seleniumhq.org/exceptions/no_such_element.html
Build info: version: '3.141.59', revision: 'e82be7d358', time: '2018-11-14T08:17:03'
System info: host: 'LIN80022238', ip: '192.168.1.5', os.name: 'Windows 10', os.arch: 'amd64', os.version: '10.0', java.version: '11.0.12'
Driver info: org.openqa.selenium.chrome.ChromeDriver
Capabilities {acceptInsecureCerts: false, browserName: chrome, browserVersion: 110.0.5481.177, chrome: {chromedriverVersion: 110.0.5481.77 (65ed616c6e8e..., userDataDir: C:\Program Files (x86)\scop...}, goog:chromeOptions: {debuggerAddress: localhost:61794}, javascriptEnabled: true, networkConnectionEnabled: false, pageLoadStrategy: normal, platform: WINDOWS, platformName: WINDOWS, proxy: Proxy(), setWindowRect: true, strictFileInteractability: false, timeouts: {implicit: 0, pageLoad: 300000, script: 30000}, unhandledPromptBehavior: dismiss and notify, webauthn:extension:credBlob: true, webauthn:extension:largeBlob: true, webauthn:virtualAuthenticators: true}
Session ID: c9af408fa4509668d598bf020a2030b3
*** Element info: {Using=id, value=add-to-cart-button}
	at java.base/jdk.internal.reflect.NativeConstructorAccessorImpl.newInstance0(Native Method)
	at java.base/jdk.internal.reflect.NativeConstructorAccessorImpl.newInstance(NativeConstructorAccessorImpl.java:62)
	at java.base/jdk.internal.reflect.DelegatingConstructorAccessorImpl.newInstance(DelegatingConstructorAccessorImpl.java:45)
	at java.base/java.lang.reflect.Constructor.newInstance(Constructor.java:490)
	at org.openqa.selenium.remote.http.W3CHttpResponseCodec.createException(W3CHttpResponseCodec.java:187)
	at org.openqa.selenium.remote.http.W3CHttpResponseCodec.decode(W3CHttpResponseCodec.java:122)
	at org.openqa.selenium.remote.http.W3CHttpResponseCodec.decode(W3CHttpResponseCodec.java:49)
	at org.openqa.selenium.remote.HttpCommandExecutor.execute(HttpCommandExecutor.java:158)
	at org.openqa.selenium.remote.service.DriverCommandExecutor.execute(DriverCommandExecutor.java:83)
	at org.openqa.selenium.remote.RemoteWebDriver.execute(RemoteWebDriver.java:552)
	at org.openqa.selenium.remote.RemoteWebDriver.findElement(RemoteWebDriver.java:323)
	at org.openqa.selenium.remote.RemoteWebDriver.findElementById(RemoteWebDriver.java:372)
	at org.openqa.selenium.By$ById.findElement(By.java:188)
	at org.openqa.selenium.remote.RemoteWebDriver.findElement(RemoteWebDriver.java:315)
	at org.openqa.selenium.support.pagefactory.DefaultElementLocator.findElement(DefaultElementLocator.java:69)
	at org.openqa.selenium.support.pagefactory.internal.LocatingElementHandler.invoke(LocatingElementHandler.java:38)
	at com.sun.proxy.$Proxy20.click(Unknown Source)
	at steps.StepDefinitions.the_user_add_item_to_cart(StepDefinitions.java:274)
	at âœ½.the user add item to cart(file:///C:/Users/ROSHJOSE/IdeaProjects/Amazon_addToCart/src/test/resources/features/addToCart.feature:35)

  Then the item is displayed in cart # steps.StepDefinitions.theItemIsDisplayedInCart()

    Embedding screenshot [image/png 332733 bytes]

]]></system-out>
  </testcase>
  <testcase name="runScenario[&quot;Verify add to cart button&quot;, &quot;Add to cart feature in Amazon&quot;](3)" classname="runners.TestRunner" time="132.227">
    <failure message="no such element: Unable to locate element: {&quot;method&quot;:&quot;css selector&quot;,&quot;selector&quot;:&quot;#add\-to\-cart\-button&quot;}&#10;  (Session info: chrome=110.0.5481.177)&#10;For documentation on this error, please visit: https://www.seleniumhq.org/exceptions/no_such_element.html&#10;Build info: version: &apos;3.141.59&apos;, revision: &apos;e82be7d358&apos;, time: &apos;2018-11-14T08:17:03&apos;&#10;System info: host: &apos;LIN80022238&apos;, ip: &apos;192.168.1.5&apos;, os.name: &apos;Windows 10&apos;, os.arch: &apos;amd64&apos;, os.version: &apos;10.0&apos;, java.version: &apos;11.0.12&apos;&#10;Driver info: org.openqa.selenium.chrome.ChromeDriver&#10;Capabilities {acceptInsecureCerts: false, browserName: chrome, browserVersion: 110.0.5481.177, chrome: {chromedriverVersion: 110.0.5481.77 (65ed616c6e8e..., userDataDir: C:\Program Files (x86)\scop...}, goog:chromeOptions: {debuggerAddress: localhost:61794}, javascriptEnabled: true, networkConnectionEnabled: false, pageLoadStrategy: normal, platform: WINDOWS, platformName: WINDOWS, proxy: Proxy(), setWindowRect: true, strictFileInteractability: false, timeouts: {implicit: 0, pageLoad: 300000, script: 30000}, unhandledPromptBehavior: dismiss and notify, webauthn:extension:credBlob: true, webauthn:extension:largeBlob: true, webauthn:virtualAuthenticators: true}&#10;Session ID: c9af408fa4509668d598bf020a2030b3&#10;*** Element info: {Using=id, value=add-to-cart-button}" type="org.openqa.selenium.NoSuchElementException"><![CDATA[org.openqa.selenium.NoSuchElementException: 
no such element: Unable to locate element: {"method":"css selector","selector":"#add\-to\-cart\-button"}
  (Session info: chrome=110.0.5481.177)
For documentation on this error, please visit: https://www.seleniumhq.org/exceptions/no_such_element.html
Build info: version: '3.141.59', revision: 'e82be7d358', time: '2018-11-14T08:17:03'
System info: host: 'LIN80022238', ip: '192.168.1.5', os.name: 'Windows 10', os.arch: 'amd64', os.version: '10.0', java.version: '11.0.12'
Driver info: org.openqa.selenium.chrome.ChromeDriver
Capabilities {acceptInsecureCerts: false, browserName: chrome, browserVersion: 110.0.5481.177, chrome: {chromedriverVersion: 110.0.5481.77 (65ed616c6e8e..., userDataDir: C:\Program Files (x86)\scop...}, goog:chromeOptions: {debuggerAddress: localhost:61794}, javascriptEnabled: true, networkConnectionEnabled: false, pageLoadStrategy: normal, platform: WINDOWS, platformName: WINDOWS, proxy: Proxy(), setWindowRect: true, strictFileInteractability: false, timeouts: {implicit: 0, pageLoad: 300000, script: 30000}, unhandledPromptBehavior: dismiss and notify, webauthn:extension:credBlob: true, webauthn:extension:largeBlob: true, webauthn:virtualAuthenticators: true}
Session ID: c9af408fa4509668d598bf020a2030b3
*** Element info: {Using=id, value=add-to-cart-button}
	at java.base/jdk.internal.reflect.NativeConstructorAccessorImpl.newInstance0(Native Method)
	at java.base/jdk.internal.reflect.NativeConstructorAccessorImpl.newInstance(NativeConstructorAccessorImpl.java:62)
	at java.base/jdk.internal.reflect.DelegatingConstructorAccessorImpl.newInstance(DelegatingConstructorAccessorImpl.java:45)
	at java.base/java.lang.reflect.Constructor.newInstance(Constructor.java:490)
	at org.openqa.selenium.remote.http.W3CHttpResponseCodec.createException(W3CHttpResponseCodec.java:187)
	at org.openqa.selenium.remote.http.W3CHttpResponseCodec.decode(W3CHttpResponseCodec.java:122)
	at org.openqa.selenium.remote.http.W3CHttpResponseCodec.decode(W3CHttpResponseCodec.java:49)
	at org.openqa.selenium.remote.HttpCommandExecutor.execute(HttpCommandExecutor.java:158)
	at org.openqa.selenium.remote.service.DriverCommandExecutor.execute(DriverCommandExecutor.java:83)
	at org.openqa.selenium.remote.RemoteWebDriver.execute(RemoteWebDriver.java:552)
	at org.openqa.selenium.remote.RemoteWebDriver.findElement(RemoteWebDriver.java:323)
	at org.openqa.selenium.remote.RemoteWebDriver.findElementById(RemoteWebDriver.java:372)
	at org.openqa.selenium.By$ById.findElement(By.java:188)
	at org.openqa.selenium.remote.RemoteWebDriver.findElement(RemoteWebDriver.java:315)
	at org.openqa.selenium.support.pagefactory.DefaultElementLocator.findElement(DefaultElementLocator.java:69)
	at org.openqa.selenium.support.pagefactory.internal.LocatingElementHandler.invoke(LocatingElementHandler.java:38)
	at com.sun.proxy.$Proxy20.click(Unknown Source)
	at steps.StepDefinitions.the_user_add_item_to_cart(StepDefinitions.java:274)
	at ✽.the user add item to cart(file:///C:/Users/ROSHJOSE/IdeaProjects/Amazon_addToCart/src/test/resources/features/addToCart.feature:35)
]]></failure>
  </testcase>
  <testcase name="runScenario[&quot;Verify the products are displayed when user search for different products&quot;, &quot;Add to cart feature in Amazon&quot;](4)" classname="runners.TestRunner" time="141.247">
    <system-out><![CDATA[  When the user clicks add to cart button                                 # steps.StepDefinitions.the_user_clicks_add_to_cart_button()
  When the user selects the items and click add to cart button        # steps.StepDefinitions.the_user_selects_the_items_and_click_add_to_cart_button()
  Then the items are added to cart and subtotal is shown              # steps.StepDefinitions.the_items_are_added_to_cart_and_subtotal_is_shown()
      java.lang.AssertionError: expected [â‚¹1,11,800.00] but found [â‚¹1,12,899.00]
	at org.testng.Assert.fail(Assert.java:110)
	at org.testng.Assert.failNotEquals(Assert.java:1577)
	at org.testng.Assert.assertEqualsImpl(Assert.java:149)
	at org.testng.Assert.assertEquals(Assert.java:131)
	at org.testng.Assert.assertEquals(Assert.java:655)
	at org.testng.Assert.assertEquals(Assert.java:665)
	at steps.StepDefinitions.the_items_are_added_to_cart_and_subtotal_is_shown(StepDefinitions.java:120)
	at âœ½.the items are added to cart and subtotal is shown(file:///C:/Users/ROSHJOSE/IdeaProjects/Amazon_addToCart/src/test/resources/features/addToCart.feature:11)


    Embedding screenshot [image/png 368774 bytes]

]]></system-out>
  </testcase>
  <testcase name="runScenario[&quot;Verify the products are displayed when user search for different products&quot;, &quot;Add to cart feature in Amazon&quot;](5)" classname="runners.TestRunner" time="141.916"/>
  <testcase name="runScenario[&quot;Verify the subtotal is shown when new item is added to cart&quot;, &quot;Add to cart feature in Amazon&quot;](6)" classname="runners.TestRunner" time="142.741">
    <failure message="expected [₹1,11,800.00] but found [₹1,12,899.00]" type="java.lang.AssertionError"><![CDATA[java.lang.AssertionError: expected [₹1,11,800.00] but found [₹1,12,899.00]
	at org.testng.Assert.fail(Assert.java:110)
	at org.testng.Assert.failNotEquals(Assert.java:1577)
	at org.testng.Assert.assertEqualsImpl(Assert.java:149)
	at org.testng.Assert.assertEquals(Assert.java:131)
	at org.testng.Assert.assertEquals(Assert.java:655)
	at org.testng.Assert.assertEquals(Assert.java:665)
	at steps.StepDefinitions.the_items_are_added_to_cart_and_subtotal_is_shown(StepDefinitions.java:120)
	at ✽.the items are added to cart and subtotal is shown(file:///C:/Users/ROSHJOSE/IdeaProjects/Amazon_addToCart/src/test/resources/features/addToCart.feature:11)
]]></failure>
  </testcase>
  <testcase name="runScenario[&quot;Verify item is added to cart when add to cart button is clicked&quot;, &quot;Add to cart feature in Amazon&quot;](7)" classname="runners.TestRunner" time="151.805">
    <system-out><![CDATA[  Then the item is added to cart                                          # steps.StepDefinitions.the_item_is_added_to_cart()
]]></system-out>
  </testcase>
  <testcase name="runScenario[&quot;Verify item can be deleted from cart&quot;, &quot;Add to cart feature in Amazon&quot;](8)" classname="runners.TestRunner" time="164.998">
    <failure message="no such element: Unable to locate element: {&quot;method&quot;:&quot;xpath&quot;,&quot;selector&quot;:&quot;(//input[@class=&quot;a-color-link&quot;])[1]&quot;}&#10;  (Session info: chrome=110.0.5481.177)&#10;For documentation on this error, please visit: https://www.seleniumhq.org/exceptions/no_such_element.html&#10;Build info: version: &apos;3.141.59&apos;, revision: &apos;e82be7d358&apos;, time: &apos;2018-11-14T08:17:03&apos;&#10;System info: host: &apos;LIN80022238&apos;, ip: &apos;192.168.1.5&apos;, os.name: &apos;Windows 10&apos;, os.arch: &apos;amd64&apos;, os.version: &apos;10.0&apos;, java.version: &apos;11.0.12&apos;&#10;Driver info: org.openqa.selenium.chrome.ChromeDriver&#10;Capabilities {acceptInsecureCerts: false, browserName: chrome, browserVersion: 110.0.5481.177, chrome: {chromedriverVersion: 110.0.5481.77 (65ed616c6e8e..., userDataDir: C:\Program Files (x86)\scop...}, goog:chromeOptions: {debuggerAddress: localhost:61823}, javascriptEnabled: true, networkConnectionEnabled: false, pageLoadStrategy: normal, platform: WINDOWS, platformName: WINDOWS, proxy: Proxy(), setWindowRect: true, strictFileInteractability: false, timeouts: {implicit: 0, pageLoad: 300000, script: 30000}, unhandledPromptBehavior: dismiss and notify, webauthn:extension:credBlob: true, webauthn:extension:largeBlob: true, webauthn:virtualAuthenticators: true}&#10;Session ID: 4bebc33f7003cbf73b46841e7e045210&#10;*** Element info: {Using=xpath, value=(//input[@class=&quot;a-color-link&quot;])[1]}" type="org.openqa.selenium.NoSuchElementException"><![CDATA[org.openqa.selenium.NoSuchElementException: 
no such element: Unable to locate element: {"method":"xpath","selector":"(//input[@class="a-color-link"])[1]"}
  (Session info: chrome=110.0.5481.177)
For documentation on this error, please visit: https://www.seleniumhq.org/exceptions/no_such_element.html
Build info: version: '3.141.59', revision: 'e82be7d358', time: '2018-11-14T08:17:03'
System info: host: 'LIN80022238', ip: '192.168.1.5', os.name: 'Windows 10', os.arch: 'amd64', os.version: '10.0', java.version: '11.0.12'
Driver info: org.openqa.selenium.chrome.ChromeDriver
Capabilities {acceptInsecureCerts: false, browserName: chrome, browserVersion: 110.0.5481.177, chrome: {chromedriverVersion: 110.0.5481.77 (65ed616c6e8e..., userDataDir: C:\Program Files (x86)\scop...}, goog:chromeOptions: {debuggerAddress: localhost:61823}, javascriptEnabled: true, networkConnectionEnabled: false, pageLoadStrategy: normal, platform: WINDOWS, platformName: WINDOWS, proxy: Proxy(), setWindowRect: true, strictFileInteractability: false, timeouts: {implicit: 0, pageLoad: 300000, script: 30000}, unhandledPromptBehavior: dismiss and notify, webauthn:extension:credBlob: true, webauthn:extension:largeBlob: true, webauthn:virtualAuthenticators: true}
Session ID: 4bebc33f7003cbf73b46841e7e045210
*** Element info: {Using=xpath, value=(//input[@class="a-color-link"])[1]}
	at java.base/jdk.internal.reflect.NativeConstructorAccessorImpl.newInstance0(Native Method)
	at java.base/jdk.internal.reflect.NativeConstructorAccessorImpl.newInstance(NativeConstructorAccessorImpl.java:62)
	at java.base/jdk.internal.reflect.DelegatingConstructorAccessorImpl.newInstance(DelegatingConstructorAccessorImpl.java:45)
	at java.base/java.lang.reflect.Constructor.newInstance(Constructor.java:490)
	at org.openqa.selenium.remote.http.W3CHttpResponseCodec.createException(W3CHttpResponseCodec.java:187)
	at org.openqa.selenium.remote.http.W3CHttpResponseCodec.decode(W3CHttpResponseCodec.java:122)
	at org.openqa.selenium.remote.http.W3CHttpResponseCodec.decode(W3CHttpResponseCodec.java:49)
	at org.openqa.selenium.remote.HttpCommandExecutor.execute(HttpCommandExecutor.java:158)
	at org.openqa.selenium.remote.service.DriverCommandExecutor.execute(DriverCommandExecutor.java:83)
	at org.openqa.selenium.remote.RemoteWebDriver.execute(RemoteWebDriver.java:552)
	at org.openqa.selenium.remote.RemoteWebDriver.findElement(RemoteWebDriver.java:323)
	at org.openqa.selenium.remote.RemoteWebDriver.findElementByXPath(RemoteWebDriver.java:428)
	at org.openqa.selenium.By$ByXPath.findElement(By.java:353)
	at org.openqa.selenium.remote.RemoteWebDriver.findElement(RemoteWebDriver.java:315)
	at org.openqa.selenium.support.pagefactory.DefaultElementLocator.findElement(DefaultElementLocator.java:69)
	at org.openqa.selenium.support.pagefactory.internal.LocatingElementHandler.invoke(LocatingElementHandler.java:38)
	at com.sun.proxy.$Proxy20.click(Unknown Source)
	at steps.StepDefinitions.the_user_clicks_on_delete_button_for_first_item(StepDefinitions.java:156)
	at ✽.the user clicks on delete button for first item(file:///C:/Users/ROSHJOSE/IdeaProjects/Amazon_addToCart/src/test/resources/features/addToCart.feature:15)
]]></failure>
    <system-out><![CDATA[  When the user clicks on delete button for first item # steps.StepDefinitions.the_user_clicks_on_delete_button_for_first_item()
      org.openqa.selenium.NoSuchElementException: no such element: Unable to locate element: {"method":"xpath","selector":"(//input[@class="a-color-link"])[1]"}
  (Session info: chrome=110.0.5481.177)
For documentation on this error, please visit: https://www.seleniumhq.org/exceptions/no_such_element.html
Build info: version: '3.141.59', revision: 'e82be7d358', time: '2018-11-14T08:17:03'
System info: host: 'LIN80022238', ip: '192.168.1.5', os.name: 'Windows 10', os.arch: 'amd64', os.version: '10.0', java.version: '11.0.12'
Driver info: org.openqa.selenium.chrome.ChromeDriver
Capabilities {acceptInsecureCerts: false, browserName: chrome, browserVersion: 110.0.5481.177, chrome: {chromedriverVersion: 110.0.5481.77 (65ed616c6e8e..., userDataDir: C:\Program Files (x86)\scop...}, goog:chromeOptions: {debuggerAddress: localhost:61823}, javascriptEnabled: true, networkConnectionEnabled: false, pageLoadStrategy: normal, platform: WINDOWS, platformName: WINDOWS, proxy: Proxy(), setWindowRect: true, strictFileInteractability: false, timeouts: {implicit: 0, pageLoad: 300000, script: 30000}, unhandledPromptBehavior: dismiss and notify, webauthn:extension:credBlob: true, webauthn:extension:largeBlob: true, webauthn:virtualAuthenticators: true}
Session ID: 4bebc33f7003cbf73b46841e7e045210
*** Element info: {Using=xpath, value=(//input[@class="a-color-link"])[1]}
	at java.base/jdk.internal.reflect.NativeConstructorAccessorImpl.newInstance0(Native Method)
	at java.base/jdk.internal.reflect.NativeConstructorAccessorImpl.newInstance(NativeConstructorAccessorImpl.java:62)
	at java.base/jdk.internal.reflect.DelegatingConstructorAccessorImpl.newInstance(DelegatingConstructorAccessorImpl.java:45)
	at java.base/java.lang.reflect.Constructor.newInstance(Constructor.java:490)
	at org.openqa.selenium.remote.http.W3CHttpResponseCodec.createException(W3CHttpResponseCodec.java:187)
	at org.openqa.selenium.remote.http.W3CHttpResponseCodec.decode(W3CHttpResponseCodec.java:122)
	at org.openqa.selenium.remote.http.W3CHttpResponseCodec.decode(W3CHttpResponseCodec.java:49)
	at org.openqa.selenium.remote.HttpCommandExecutor.execute(HttpCommandExecutor.java:158)
	at org.openqa.selenium.remote.service.DriverCommandExecutor.execute(DriverCommandExecutor.java:83)
	at org.openqa.selenium.remote.RemoteWebDriver.execute(RemoteWebDriver.java:552)
	at org.openqa.selenium.remote.RemoteWebDriver.findElement(RemoteWebDriver.java:323)
	at org.openqa.selenium.remote.RemoteWebDriver.findElementByXPath(RemoteWebDriver.java:428)
	at org.openqa.selenium.By$ByXPath.findElement(By.java:353)
	at org.openqa.selenium.remote.RemoteWebDriver.findElement(RemoteWebDriver.java:315)
	at org.openqa.selenium.support.pagefactory.DefaultElementLocator.findElement(DefaultElementLocator.java:69)
	at org.openqa.selenium.support.pagefactory.internal.LocatingElementHandler.invoke(LocatingElementHandler.java:38)
	at com.sun.proxy.$Proxy20.click(Unknown Source)
	at steps.StepDefinitions.the_user_clicks_on_delete_button_for_first_item(StepDefinitions.java:156)
	at âœ½.the user clicks on delete button for first item(file:///C:/Users/ROSHJOSE/IdeaProjects/Amazon_addToCart/src/test/resources/features/addToCart.feature:15)

  Then the item is removed from cart and it is empty   # steps.StepDefinitions.the_item_is_removed_from_cart_and_it_is_empty()

    Embedding screenshot [image/png 293080 bytes]

]]></system-out>
  </testcase>
  <testcase name="runScenario[&quot;Verify the cart icon number is increased when item is added&quot;, &quot;Add to cart feature in Amazon&quot;](9)" classname="runners.TestRunner" time="166.819">
    <system-out><![CDATA[  When the user selects the item and click add to cart button         # steps.StepDefinitions.the_user_selects_the_item_and_click_add_to_cart_button()
  Then the cart icon number is one                                    # steps.StepDefinitions.the_cart_icon_number_is_one()
]]></system-out>
  </testcase>
</testsuite>